$ playwright test "tests/e2e/home.spec.ts"

Running 3 tests using 2 workers

[1A[2K[1/3] [chromium] › tests/e2e/home.spec.ts:10:1 › loads the app and shows main layout elements
[1A[2K[2/3] [chromium] › tests/e2e/home.spec.ts:3:1 › has title
[1A[2K  1) [chromium] › tests/e2e/home.spec.ts:3:1 › has title ───────────────────────────────────────────

    Error: browserType.launch: Executable doesn't exist at /home/jules/.cache/ms-playwright/chromium_headless_shell-1155/chrome-linux/headless_shell
    ╔═════════════════════════════════════════════════════════════════════════╗
    ║ Looks like Playwright Test or Playwright was just installed or updated. ║
    ║ Please run the following command to download new browsers:              ║
    ║                                                                         ║
    ║     npx playwright install                                              ║
    ║                                                                         ║
    ║ <3 Playwright Team                                                      ║
    ╚═════════════════════════════════════════════════════════════════════════╝


[1A[2K  2) [chromium] › tests/e2e/home.spec.ts:10:1 › loads the app and shows main layout elements ───────

    Error: browserType.launch: Executable doesn't exist at /home/jules/.cache/ms-playwright/chromium_headless_shell-1155/chrome-linux/headless_shell
    ╔═════════════════════════════════════════════════════════════════════════╗
    ║ Looks like Playwright Test or Playwright was just installed or updated. ║
    ║ Please run the following command to download new browsers:              ║
    ║                                                                         ║
    ║     npx playwright install                                              ║
    ║                                                                         ║
    ║ <3 Playwright Team                                                      ║
    ╚═════════════════════════════════════════════════════════════════════════╝


[1A[2K[3/3] [chromium] › tests/e2e/home.spec.ts:21:1 › transport components are correctly rendered and accessible
[1A[2K  3) [chromium] › tests/e2e/home.spec.ts:21:1 › transport components are correctly rendered and accessible

    Error: browserType.launch: Executable doesn't exist at /home/jules/.cache/ms-playwright/chromium_headless_shell-1155/chrome-linux/headless_shell
    ╔═════════════════════════════════════════════════════════════════════════╗
    ║ Looks like Playwright Test or Playwright was just installed or updated. ║
    ║ Please run the following command to download new browsers:              ║
    ║                                                                         ║
    ║     npx playwright install                                              ║
    ║                                                                         ║
    ║ <3 Playwright Team                                                      ║
    ╚═════════════════════════════════════════════════════════════════════════╝


[1A[2K  3 failed
    [chromium] › tests/e2e/home.spec.ts:3:1 › has title ────────────────────────────────────────────
    [chromium] › tests/e2e/home.spec.ts:10:1 › loads the app and shows main layout elements ────────
    [chromium] › tests/e2e/home.spec.ts:21:1 › transport components are correctly rendered and accessible

[36m  Serving HTML report at http://localhost:9323. Press Ctrl+C to quit.[39m
error: script "test:e2e" was terminated by signal SIGTERM (Polite quit request)
